2019-08-09 19:03:07,109  INFO [main] log4jcheck:21 - ***********test execution starts******************
2019-08-09 19:03:07,125  INFO [main] log4jcheck:23 - driver initilization
2019-08-09 19:03:48,941  INFO [main] log4jcheck:21 - ***********test execution starts******************
2019-08-09 19:03:48,945  INFO [main] log4jcheck:23 - driver initilization
2019-08-09 19:05:09,383  INFO [main] log4jcheck:21 - ***********test execution starts******************
2019-08-09 19:05:09,383  INFO [main] log4jcheck:23 - driver initilization
2019-08-09 19:05:51,106  INFO [main] log4jcheck:21 - ***********test execution starts******************
2019-08-09 19:08:50,471  INFO [main] log4jcheck:21 - ***********test execution starts******************
2019-08-09 19:08:50,471  INFO [main] log4jcheck:23 - driver initilization
2019-08-09 19:14:42,854  INFO [main] log4jcheck:21 - ***********test execution starts******************
2019-08-09 19:14:42,857  INFO [main] log4jcheck:23 - driver initilization
2019-08-09 19:16:36,530  INFO [main] log4jcheck:21 - ***********test execution starts******************
2019-08-09 19:17:15,360  INFO [main] log4jcheck:23 - driver initilization
2019-08-09 19:18:42,730  INFO [main] log4jcheck:21 - ***********test execution starts******************
2019-08-09 19:18:52,803  INFO [main] log4jcheck:23 - driver initilization
2019-08-09 19:20:17,591  INFO [main] log4jcheck:21 - ***********test execution starts******************
2019-08-09 19:20:17,591  INFO [main] log4jcheck:23 - driver initilization
2019-08-09 19:50:42,244  INFO [main] log4jcheck:21 - ***********test execution starts******************
2019-08-09 19:50:45,606  INFO [main] log4jcheck:24 - chrome driver initilized
2019-08-09 19:50:51,840  INFO [main] log4jcheck:30 - url passed
2019-08-09 19:50:51,841  WARN [main] log4jcheck:31 - simple warning
2019-08-09 19:50:51,857  INFO [main] log4jcheck:38 - assertion check and initilize
2019-08-09 19:50:51,881  INFO [main] log4jcheck:76 - ************************browser close*********************
2019-08-09 19:50:52,557  INFO [main] log4jcheck:21 - ***********test execution starts******************
2019-08-09 19:50:54,827  INFO [main] log4jcheck:24 - chrome driver initilized
2019-08-09 19:51:01,277  INFO [main] log4jcheck:30 - url passed
2019-08-09 19:51:01,278  WARN [main] log4jcheck:31 - simple warning
2019-08-09 19:51:01,281  INFO [main] log4jcheck:50 - assertion check and initilize
2019-08-09 19:51:01,304  INFO [main] log4jcheck:76 - ************************browser close*********************
2019-08-09 19:51:02,068  INFO [main] log4jcheck:21 - ***********test execution starts******************
2019-08-09 19:51:04,944  INFO [main] log4jcheck:24 - chrome driver initilized
2019-08-09 19:51:11,083  INFO [main] log4jcheck:30 - url passed
2019-08-09 19:51:11,084  WARN [main] log4jcheck:31 - simple warning
2019-08-09 19:51:11,089  INFO [main] log4jcheck:63 - assertion check and initilize
2019-08-09 19:51:11,102  INFO [main] log4jcheck:67 - check asser condition
2019-08-09 19:51:11,111  INFO [main] log4jcheck:76 - ************************browser close*********************
2019-08-09 19:53:12,377  INFO [main] log4jcheck:21 - ***********test execution starts******************
2019-08-09 19:53:59,879  INFO [main] log4jcheck:24 - chrome driver initilized
2019-08-09 19:55:09,484  INFO [main] log4jcheck:30 - url passed
2019-08-09 19:55:10,952  WARN [main] log4jcheck:31 - simple warning
2019-08-09 21:13:24,157  INFO [main] log4jcheck:21 - ***********test execution starts******************
2019-08-09 21:13:43,716  INFO [main] log4jcheck:38 - assertion check and initilize
2019-08-09 21:13:52,633  INFO [main] log4jcheck:76 - ************************browser close*********************
2019-08-09 21:13:53,291  INFO [main] log4jcheck:21 - ***********test execution starts******************
2019-08-09 21:14:17,771  INFO [main] log4jcheck:24 - chrome driver initilized
2019-08-09 21:14:29,726  INFO [main] log4jcheck:30 - url passed
2019-08-09 21:14:29,727  WARN [main] log4jcheck:31 - simple warning
2019-08-09 21:14:29,733  INFO [main] log4jcheck:50 - assertion check and initilize
2019-08-09 21:14:29,764  INFO [main] log4jcheck:76 - ************************browser close*********************
2019-08-09 21:14:30,488  INFO [main] log4jcheck:21 - ***********test execution starts******************
